[2017-04-02 20:07:49] info.DEBUG: Get message:d9292711-854e-4fdd-b249-b9150b7ab8e5 [] []
[2017-04-02 20:12:13] info.DEBUG: Get message:1938ca72-8232-4f27-a18d-cfd518e868d5 [] []
[2017-04-02 20:12:13] info.DEBUG: Get:https://www.amazon.co.jp/gp/product/B004RJAFN2/ref=ox_sc_act_title_3?ie=UTF8 [] []
[2017-04-02 20:12:26] info.DEBUG: fetched price:Array (     [price] => 2827     [currency] => ￥      [title] => シマノ リール アリビオ 2500 3号糸付     [photo] => https://images-na.ssl-images-amazon.com/images/I/81EHQrozDIL._SY550_.jpg )  [] []
[2017-04-02 20:17:42] info.DEBUG: Get message:d1ff9506-a45f-4850-b208-c4aa023b81f1 [] []
[2017-04-02 20:17:42] info.DEBUG: Get:https://www.amazon.co.jp/gp/product/B01AL5LBT2/ref=ox_sc_sfl_title_21?ie=UTF8 [] []
[2017-04-02 20:18:03] info.DEBUG: fetched price:Array (     [price] => 980     [currency] => ￥      [title] => Omgar 自転車ホルダー 360度回転 ナビ用マウントキット     [photo] => https://images-na.ssl-images-amazon.com/images/I/617cPODq7fL._SX425_.jpg )  [] []
[2017-04-02 20:18:20] info.DEBUG: Get message:1938ca72-8232-4f27-a18d-cfd518e868d5 [] []
[2017-04-02 20:18:20] info.DEBUG: Get:https://www.amazon.co.jp/gp/product/B004RJAFN2/ref=ox_sc_act_title_3?ie=UTF8 [] []
[2017-04-02 20:18:38] info.DEBUG: fetched price:Array (     [price] => 2827     [currency] => ￥      [title] => シマノ リール アリビオ 2500 3号糸付     [photo] => https://images-na.ssl-images-amazon.com/images/I/81EHQrozDIL._SY550_.jpg )  [] []
[2017-04-02 20:18:45] info.DEBUG: Get message:bc692976-1e82-4cc6-8b2f-752ce5d63b97 [] []
[2017-04-02 20:18:45] info.DEBUG: Get:https://www.amazon.cn/dp/B00Y1XY454/ref=cngwdyfloorv2_recs_0?pf_rd_p=7645736c-6759-4677-9dfb-2a3fd04770aa [] []
[2017-04-02 20:19:05] info.DEBUG: fetched price:Array (     [price] => 89.00     [currency] => ￥     [title] => CAT 卡特彼勒 建筑车系列82020 中号惯性式挖土机CT82025 尺寸16.51*27.94*16.51CM     [photo] => https://images-cn.ssl-images-amazon.com/images/I/61WvkRpk2BL._SY450_.jpg )  [] []
[2017-04-02 20:19:10] info.DEBUG: Get message:798ce21d-ebf6-428e-8035-23d4c7b0b557 [] []
[2017-04-02 20:19:10] info.DEBUG: Get:https://www.amazon.co.jp/PlayStation-4-ジェット-ブラック-500GB-CUH-2000AB01/dp/B01LPTFJLO/ref=s9u_simh_gw_i2?_encoding=UTF8 [] []
[2017-04-02 20:19:20] info.DEBUG: fetched price:Array (     [price] => 30890     [currency] => ￥      [title] => PlayStation 4 ジェット・ブラック 500GB(CUH-2000AB01)     [photo] => https://images-na.ssl-images-amazon.com/images/I/71CHNGlTLyL._SX522_.jpg )  [] []
[2017-04-02 20:19:25] info.DEBUG: Get message:1938ca72-8232-4f27-a18d-cfd518e868d5 [] []
[2017-04-02 20:19:25] info.DEBUG: Get:https://www.amazon.co.jp/gp/product/B004RJAFN2/ref=ox_sc_act_title_3?ie=UTF8 [] []
[2017-04-02 20:19:40] info.DEBUG: fetched price:Array (     [price] => 2827     [currency] => ￥      [title] => シマノ リール アリビオ 2500 3号糸付     [photo] => https://images-na.ssl-images-amazon.com/images/I/81EHQrozDIL._SY550_.jpg )  [] []
[2017-04-02 20:19:46] info.DEBUG: Get message:798ce21d-ebf6-428e-8035-23d4c7b0b557 [] []
[2017-04-02 20:19:46] info.DEBUG: Get:https://www.amazon.co.jp/PlayStation-4-ジェット-ブラック-500GB-CUH-2000AB01/dp/B01LPTFJLO/ref=s9u_simh_gw_i2?_encoding=UTF8 [] []
[2017-04-02 20:19:56] info.DEBUG: fetched price:Array (     [price] => 30890     [currency] => ￥      [title] => PlayStation 4 ジェット・ブラック 500GB(CUH-2000AB01)     [photo] => https://images-na.ssl-images-amazon.com/images/I/71CHNGlTLyL._SX522_.jpg )  [] []
[2017-04-02 20:20:01] info.DEBUG: Get message:1938ca72-8232-4f27-a18d-cfd518e868d5 [] []
[2017-04-02 20:20:01] info.DEBUG: Get:https://www.amazon.co.jp/gp/product/B004RJAFN2/ref=ox_sc_act_title_3?ie=UTF8 [] []
[2017-04-02 20:20:12] info.DEBUG: fetched price:Array (     [price] => 2827     [currency] => ￥      [title] => シマノ リール アリビオ 2500 3号糸付     [photo] => https://images-na.ssl-images-amazon.com/images/I/81EHQrozDIL._SY550_.jpg )  [] []
[2017-04-02 20:20:28] info.DEBUG: Get message:13b05eb9-3b90-4d93-b8a7-f20e11df9d0d [] []
[2017-04-02 20:20:28] info.DEBUG: Get:https://www.amazon.de/Gran-Turismo-Sport-PlayStation-4/dp/B018UK8NQ4/ref=s9u_simh_gw_i1?_encoding=UTF8 [] []
[2017-04-02 20:20:54] info.DEBUG: fetched price:Array (     [price] => 6499     [currency] => EUR      [title] => Gran Turismo Sport - [PlayStation 4]     [photo] => https://images-na.ssl-images-amazon.com/images/I/81qMRIR4rVL._SX466_.jpg )  [] []
[2017-04-02 20:21:00] info.DEBUG: Get message:1938ca72-8232-4f27-a18d-cfd518e868d5 [] []
[2017-04-02 20:21:00] info.DEBUG: Get:https://www.amazon.co.jp/gp/product/B004RJAFN2/ref=ox_sc_act_title_3?ie=UTF8 [] []
[2017-04-02 20:21:20] info.DEBUG: fetched price:Array (     [price] => 2827     [currency] => ￥      [title] => シマノ リール アリビオ 2500 3号糸付     [photo] => https://images-na.ssl-images-amazon.com/images/I/81EHQrozDIL._SY550_.jpg )  [] []
[2017-04-02 20:21:25] info.DEBUG: Get message:9fe327a2-957d-456f-930d-d4a8ab6e9bfd [] []
[2017-04-02 20:21:25] info.DEBUG: Get:https://www.amazon.co.jp/gp/product/B01G16XGU2/ref=ox_sc_act_title_2?ie=UTF8 [] []
[2017-04-02 20:21:35] info.DEBUG: fetched price:Array (     [price] => 1900     [currency] => ￥      [title] => Lowmany　ルアーセット　釣竿　リール　多種類     [photo] => https://images-na.ssl-images-amazon.com/images/I/71nxVTRuKGL._SY450_.jpg )  [] []
[2017-04-02 20:21:41] info.DEBUG: Get message:aa3bbb8a-29aa-415a-b4a8-3791ac99f2ff [] []
[2017-04-02 20:21:41] info.DEBUG: Get:https://www.amazon.com/Djeco-Primo-Puzzle-Puzzles-Jungle/dp/B002SVE03W/ref=s9u_simh_gw_i1?_encoding=UTF8 [] []
[2017-04-02 20:21:55] info.DEBUG: fetched price:Array (     [price] => 20.38     [currency] => $     [title] => Djeco Primo Puzzle First Puzzles, In The Jungle     [photo] => https://images-na.ssl-images-amazon.com/images/I/61lHzJw9rVL._SX522_.jpg )  [] []
[2017-04-02 20:22:00] info.DEBUG: Get message:94373e1e-a534-4ec0-a94c-c0aa0f985616 [] []
[2017-04-02 20:22:00] info.DEBUG: Get:https://www.amazon.co.jp/ゼルダの伝説-ブレス-オブ-ザ-ワイルド/dp/B01N12HBIF/ref=pd_rhf_gw_s_cp_4?_encoding=UTF8 [] []
[2017-04-02 20:22:12] info.DEBUG: find element price failed. [] []
[2017-04-02 20:22:12] info.DEBUG: fetched price:Array (     [price] => 0     [currency] =>       [title] => ゼルダの伝説 ブレス オブ ザ ワイルド【Amazon.co.jp限定】オリジナルステッカー(4種セット)付     [photo] => https://images-na.ssl-images-amazon.com/images/I/81iU0U8VZML._SY550_.jpg )  [] []
[2017-04-02 20:22:18] info.DEBUG: Get message:8e0d615a-7847-4b6b-8d4c-1f4c52159b70 [] []
[2017-04-02 20:22:18] info.DEBUG: Get:https://www.amazon.co.jp/gp/product/B005PTNDB4/ [] []
[2017-04-02 20:22:29] info.DEBUG: fetched price:Array (     [price] => 2547     [currency] => ￥      [title] => サッポロ 麦とホップ <黒> 350ml×24本     [photo] => https://images-na.ssl-images-amazon.com/images/I/61IPtIzLmjL._SY445_.jpg )  [] []
[2017-04-02 20:22:35] info.DEBUG: Get message:d9292711-854e-4fdd-b249-b9150b7ab8e5 [] []
[2017-04-02 20:22:35] info.DEBUG: Get:https://www.amazon.co.jp/gp/product/B00A7D8CMS/ref=ox_sc_sfl_title_15?ie=UTF8 [] []
[2017-04-02 20:22:42] info.DEBUG: fetched price:Array (     [price] => 980     [currency] => ￥      [title] => お面 狐の面     [photo] => https://images-na.ssl-images-amazon.com/images/I/81dFOIHvRIL._SX342_.jpg )  [] []
[2017-04-02 20:22:47] info.DEBUG: Get message:d1ff9506-a45f-4850-b208-c4aa023b81f1 [] []
[2017-04-02 20:22:47] info.DEBUG: Get:https://www.amazon.co.jp/gp/product/B01AL5LBT2/ref=ox_sc_sfl_title_21?ie=UTF8 [] []
[2017-04-02 20:23:00] info.DEBUG: fetched price:Array (     [price] => 980     [currency] => ￥      [title] => Omgar 自転車ホルダー 360度回転 ナビ用マウントキット     [photo] => https://images-na.ssl-images-amazon.com/images/I/617cPODq7fL._SX425_.jpg )  [] []
[2017-04-02 20:23:06] info.DEBUG: Get message:798ce21d-ebf6-428e-8035-23d4c7b0b557 [] []
[2017-04-02 20:23:06] info.DEBUG: Get:https://www.amazon.co.jp/PlayStation-4-ジェット-ブラック-500GB-CUH-2000AB01/dp/B01LPTFJLO/ref=s9u_simh_gw_i2?_encoding=UTF8 [] []
[2017-04-02 20:23:33] info.DEBUG: fetched price:Array (     [price] => 30890     [currency] => ￥      [title] => PlayStation 4 ジェット・ブラック 500GB(CUH-2000AB01)     [photo] => https://images-na.ssl-images-amazon.com/images/I/71CHNGlTLyL._SX522_.jpg )  [] []
[2017-04-02 20:23:39] info.DEBUG: Get message:bc692976-1e82-4cc6-8b2f-752ce5d63b97 [] []
[2017-04-02 20:23:39] info.DEBUG: Get:https://www.amazon.cn/dp/B00Y1XY454/ref=cngwdyfloorv2_recs_0?pf_rd_p=7645736c-6759-4677-9dfb-2a3fd04770aa [] []
[2017-04-02 20:23:49] info.DEBUG: fetched price:Array (     [price] => 89.00     [currency] => ￥     [title] => CAT 卡特彼勒 建筑车系列82020 中号惯性式挖土机CT82025 尺寸16.51*27.94*16.51CM     [photo] => https://images-cn.ssl-images-amazon.com/images/I/61WvkRpk2BL._SY450_.jpg )  [] []
